2026-05-13 01:18:18,985 [INFO] Starting ingestion. rebuild=False files=1
2026-05-13 01:18:19,207 [INFO] Generating embeddings for 27 chunks from Chatbot QNA 2.pdf
2026-05-13 01:18:21,869 [INFO] Indexed 27 chunks from Chatbot QNA 2.pdf
2026-05-13 01:18:21,869 [INFO] Ingestion complete: {'indexed_files': 1, 'skipped_files': 0, 'failed_files': 0, 'total_chunks': 27, 'collection': 'recycling', 'chroma_path': 'C:\\xampp1\\htdocs\\notun_alo\\chroma_db'}
2026-05-13 01:23:21,294 [INFO] Saved upload: C:\xampp1\htdocs\notun_alo\uploads\rag_test_note.txt
2026-05-13 01:23:23,097 [INFO] Starting ingestion. rebuild=False files=1
2026-05-13 01:23:23,129 [INFO] Generating embeddings for 1 chunks from rag_test_note.txt
2026-05-13 01:23:24,721 [ERROR] Skipping unreadable/corrupted file C:\xampp1\htdocs\notun_alo\uploads\rag_test_note.txt: disk I/O error
Traceback (most recent call last):
  File "C:\xampp1\htdocs\notun_alo\ingest.py", line 233, in ingest_documents
    collection.add(ids=ids, documents=texts, metadatas=metadatas, embeddings=embeddings)
    ~~~~~~~~~~~~~~^^^^^^^^^^^^^^^^^^^^^^^^^^^^^^^^^^^^^^^^^^^^^^^^^^^^^^^^^^^^^^^^^^^^^^
  File "C:\xampp1\htdocs\notun_alo\.venv\Lib\site-packages\chromadb\api\models\Collection.py", line 84, in add
    self._client._add(ids, self.id, embeddings, metadatas, documents, uris)
    ~~~~~~~~~~~~~~~~~^^^^^^^^^^^^^^^^^^^^^^^^^^^^^^^^^^^^^^^^^^^^^^^^^^^^^^
  File "C:\xampp1\htdocs\notun_alo\.venv\Lib\site-packages\chromadb\telemetry\opentelemetry\__init__.py", line 146, in wrapper
    return f(*args, **kwargs)
  File "C:\xampp1\htdocs\notun_alo\.venv\Lib\site-packages\chromadb\rate_limiting\__init__.py", line 47, in wrapper
    return f(self, *args, **kwargs)
  File "C:\xampp1\htdocs\notun_alo\.venv\Lib\site-packages\chromadb\api\segment.py", line 358, in _add
    self._producer.submit_embeddings(collection_id, records_to_submit)
    ~~~~~~~~~~~~~~~~~~~~~~~~~~~~~~~~^^^^^^^^^^^^^^^^^^^^^^^^^^^^^^^^^^
  File "C:\xampp1\htdocs\notun_alo\.venv\Lib\site-packages\chromadb\telemetry\opentelemetry\__init__.py", line 146, in wrapper
    return f(*args, **kwargs)
  File "C:\xampp1\htdocs\notun_alo\.venv\Lib\site-packages\chromadb\db\mixins\embeddings_queue.py", line 175, in submit_embeddings
    with self.tx() as cur:
         ~~~~~~~^^
  File "C:\xampp1\htdocs\notun_alo\.venv\Lib\site-packages\chromadb\db\impl\sqlite.py", line 52, in __exit__
    self._conn.commit()
    ~~~~~~~~~~~~~~~~~^^
  File "C:\xampp1\htdocs\notun_alo\.venv\Lib\site-packages\chromadb\db\impl\sqlite_pool.py", line 31, in commit
    self._conn.commit()
    ~~~~~~~~~~~~~~~~~^^
sqlite3.OperationalError: disk I/O error
2026-05-13 01:23:24,732 [INFO] Ingestion complete: {'indexed_files': 0, 'skipped_files': 0, 'failed_files': 1, 'total_chunks': 0, 'collection': 'recycling', 'chroma_path': 'C:\\xampp1\\htdocs\\notun_alo\\chroma_db'}
2026-05-13 01:23:27,657 [ERROR] Chat endpoint failed: Could not connect to tenant default_tenant. Are you sure it exists?
Traceback (most recent call last):
  File "C:\xampp1\htdocs\notun_alo\.venv\Lib\site-packages\chromadb\api\client.py", line 371, in _validate_tenant_database
    self._admin_client.get_tenant(name=tenant)
    ~~~~~~~~~~~~~~~~~~~~~~~~~~~~~^^^^^^^^^^^^^
  File "C:\xampp1\htdocs\notun_alo\.venv\Lib\site-packages\chromadb\api\client.py", line 419, in get_tenant
    return self._server.get_tenant(name=name)
           ~~~~~~~~~~~~~~~~~~~~~~~^^^^^^^^^^^
  File "C:\xampp1\htdocs\notun_alo\.venv\Lib\site-packages\chromadb\telemetry\opentelemetry\__init__.py", line 146, in wrapper
    return f(*args, **kwargs)
  File "C:\xampp1\htdocs\notun_alo\.venv\Lib\site-packages\chromadb\api\segment.py", line 140, in get_tenant
    return self._sysdb.get_tenant(name=name)
           ~~~~~~~~~~~~~~~~~~~~~~^^^^^^^^^^^
  File "C:\xampp1\htdocs\notun_alo\.venv\Lib\site-packages\chromadb\db\mixins\sysdb.py", line 139, in get_tenant
    row = cur.execute(sql, params).fetchone()
          ~~~~~~~~~~~^^^^^^^^^^^^^
sqlite3.OperationalError: disk I/O error

During handling of the above exception, another exception occurred:

Traceback (most recent call last):
  File "C:\xampp1\htdocs\notun_alo\app.py", line 89, in chat
    result = answer_query(query=query, language=language)
  File "C:\xampp1\htdocs\notun_alo\rag_pipeline.py", line 153, in answer_query
    chunks = retrieve_chunks(query, top_k=top_k)
  File "C:\xampp1\htdocs\notun_alo\rag_pipeline.py", line 56, in retrieve_chunks
    collection = get_collection()
  File "C:\xampp1\htdocs\notun_alo\rag_pipeline.py", line 42, in get_collection
    client = chromadb.PersistentClient(path=str(CHROMA_DIR), settings=Settings(anonymized_telemetry=False))
  File "C:\xampp1\htdocs\notun_alo\.venv\Lib\site-packages\chromadb\__init__.py", line 153, in PersistentClient
    return ClientCreator(tenant=tenant, database=database, settings=settings)
  File "C:\xampp1\htdocs\notun_alo\.venv\Lib\site-packages\chromadb\api\client.py", line 61, in __init__
    self._validate_tenant_database(tenant=tenant, database=database)
    ~~~~~~~~~~~~~~~~~~~~~~~~~~~~~~^^^^^^^^^^^^^^^^^^^^^^^^^^^^^^^^^^
  File "C:\xampp1\htdocs\notun_alo\.venv\Lib\site-packages\chromadb\api\client.py", line 380, in _validate_tenant_database
    raise ValueError(
        f"Could not connect to tenant {tenant}. Are you sure it exists?"
    )
ValueError: Could not connect to tenant default_tenant. Are you sure it exists?
2026-05-13 01:23:27,663 [ERROR] Chat failed. Check logs/rag.log for details.
2026-05-13 01:24:14,148 [INFO] Saved upload: C:\xampp1\htdocs\notun_alo\uploads\rag_test_note.txt
2026-05-13 01:24:16,356 [INFO] Starting ingestion. rebuild=False files=1
2026-05-13 01:24:16,382 [INFO] Generating embeddings for 1 chunks from rag_test_note.txt
2026-05-13 01:24:16,516 [INFO] Indexed 1 chunks from rag_test_note.txt
2026-05-13 01:24:16,516 [INFO] Ingestion complete: {'indexed_files': 1, 'skipped_files': 0, 'failed_files': 0, 'total_chunks': 1, 'collection': 'recycling', 'chroma_path': 'C:\\xampp1\\htdocs\\notun_alo\\chroma_db'}
2026-05-13 01:24:18,195 [INFO] Retrieved 8 chunks in 1676.5ms for query: What does recycling reduce?
2026-05-13 01:24:18,195 [INFO] GEMINI_API_KEY missing; using local fallback answer.
2026-05-13 01:25:29,619 [INFO] Retrieved 8 chunks in 2144.4ms for query: Do you accept old clothes or furniture for recycling?
2026-05-13 01:25:29,620 [INFO] GEMINI_API_KEY missing; using local fallback answer.
2026-05-13 01:26:24,000 [INFO] Deleted existing Chroma collection 'recycling'
2026-05-13 01:26:26,043 [INFO] Starting ingestion. rebuild=True files=28
2026-05-13 01:26:26,097 [INFO] Generating embeddings for 27 chunks from Chatbot QNA 2.pdf
2026-05-13 01:26:29,003 [INFO] Indexed 27 chunks from Chatbot QNA 2.pdf
2026-05-13 01:26:29,186 [INFO] Generating embeddings for 48 chunks from Chatbot QNA.pdf
2026-05-13 01:26:34,054 [INFO] Indexed 48 chunks from Chatbot QNA.pdf
2026-05-13 01:26:34,086 [ERROR] Skipping unreadable/corrupted file C:\xampp1\htdocs\notun_alo\Phase 1 (RAG)\Domestic_Material_Consumption.csv: Error tokenizing data. C error: Expected 1 fields in line 439, saw 2
Traceback (most recent call last):
  File "C:\xampp1\htdocs\notun_alo\ingest.py", line 205, in ingest_documents
    loaded_docs = load_file(path)
  File "C:\xampp1\htdocs\notun_alo\ingest.py", line 134, in load_file
    return load_table(path)
  File "C:\xampp1\htdocs\notun_alo\ingest.py", line 117, in load_table
    df = pd.read_csv(path, encoding_errors="ignore")
  File "C:\xampp1\htdocs\notun_alo\.venv\Lib\site-packages\pandas\io\parsers\readers.py", line 873, in read_csv
    return _read(filepath_or_buffer, kwds)
  File "C:\xampp1\htdocs\notun_alo\.venv\Lib\site-packages\pandas\io\parsers\readers.py", line 306, in _read
    return parser.read(nrows)
           ~~~~~~~~~~~^^^^^^^
  File "C:\xampp1\htdocs\notun_alo\.venv\Lib\site-packages\pandas\io\parsers\readers.py", line 1947, in read
    ) = self._engine.read(  # type: ignore[attr-defined]
        ~~~~~~~~~~~~~~~~~^^^^^^^^^^^^^^^^^^^^^^^^^^^^^^^
        nrows
        ^^^^^
    )
    ^
  File "C:\xampp1\htdocs\notun_alo\.venv\Lib\site-packages\pandas\io\parsers\c_parser_wrapper.py", line 215, in read
    chunks = self._reader.read_low_memory(nrows)
  File "pandas/_libs/parsers.pyx", line 832, in pandas._libs.parsers.TextReader.read_low_memory
  File "pandas/_libs/parsers.pyx", line 897, in pandas._libs.parsers.TextReader._read_rows
  File "pandas/_libs/parsers.pyx", line 868, in pandas._libs.parsers.TextReader._tokenize_rows
  File "pandas/_libs/parsers.pyx", line 885, in pandas._libs.parsers.TextReader._check_tokenize_status
  File "pandas/_libs/parsers.pyx", line 2084, in pandas._libs.parsers.raise_parser_error
pandas.errors.ParserError: Error tokenizing data. C error: Expected 1 fields in line 439, saw 2

2026-05-13 01:26:36,062 [INFO] Generating embeddings for 1324 chunks from Domestic_Material_Consumption.xlsx
2026-05-13 01:28:35,885 [INFO] Indexed 1324 chunks from Domestic_Material_Consumption.xlsx
2026-05-13 01:28:35,911 [INFO] Generating embeddings for 3 chunks from E_waste_Statistics_by_Country_2015_2024.csv
2026-05-13 01:28:36,351 [INFO] Indexed 3 chunks from E_waste_Statistics_by_Country_2015_2024.csv
2026-05-13 01:28:36,376 [INFO] Generating embeddings for 10 chunks from Plastic Waste Around the World.csv
2026-05-13 01:28:37,421 [INFO] Indexed 10 chunks from Plastic Waste Around the World.csv
2026-05-13 01:28:37,758 [INFO] Generating embeddings for 148 chunks from 1-s2.0-S2666845924000412-main (1).pdf
2026-05-13 01:28:51,068 [INFO] Indexed 148 chunks from 1-s2.0-S2666845924000412-main (1).pdf
2026-05-13 01:28:51,319 [INFO] Generating embeddings for 148 chunks from 1-s2.0-S2666845924000412-main.pdf
2026-05-13 01:29:04,470 [INFO] Indexed 148 chunks from 1-s2.0-S2666845924000412-main.pdf
2026-05-13 01:29:04,651 [INFO] Generating embeddings for 57 chunks from ASEFSU23-Background-Paper_Waste-Management-in-Bangladesh.pdf
2026-05-13 01:29:09,853 [INFO] Indexed 57 chunks from ASEFSU23-Background-Paper_Waste-Management-in-Bangladesh.pdf
2026-05-13 01:29:09,884 [INFO] Generating embeddings for 1 chunks from Bangladesh.txt
2026-05-13 01:29:10,023 [INFO] Indexed 1 chunks from Bangladesh.txt
2026-05-13 01:29:10,147 [INFO] Generating embeddings for 24 chunks from Waste_generation_and_management_in_Bangladesh_An_o.pdf
2026-05-13 01:29:12,528 [INFO] Indexed 24 chunks from Waste_generation_and_management_in_Bangladesh_An_o.pdf
2026-05-13 01:29:12,689 [INFO] Generating embeddings for 30 chunks from Managing_Wastes_to_Build_a_Green_Banglad.pdf
2026-05-13 01:29:15,343 [INFO] Indexed 30 chunks from Managing_Wastes_to_Build_a_Green_Banglad.pdf
2026-05-13 01:29:15,587 [INFO] Generating embeddings for 54 chunks from P17675705839390f20abed0591d0ac5a7aa.pdf
2026-05-13 01:29:20,799 [INFO] Indexed 54 chunks from P17675705839390f20abed0591d0ac5a7aa.pdf
2026-05-13 01:29:20,877 [INFO] Generating embeddings for 19 chunks from EPN-recycled-fiber-fact-sheet.pdf
2026-05-13 01:29:22,559 [INFO] Indexed 19 chunks from EPN-recycled-fiber-fact-sheet.pdf
2026-05-13 01:29:23,124 [INFO] Generating embeddings for 307 chunks from nrec-draft-handbook-e-update-moit-03-06-22.pdf
2026-05-13 01:29:49,835 [INFO] Indexed 307 chunks from nrec-draft-handbook-e-update-moit-03-06-22.pdf
2026-05-13 01:29:49,987 [INFO] Generating embeddings for 48 chunks from Paperwork.pdf
2026-05-13 01:29:54,222 [INFO] Indexed 48 chunks from Paperwork.pdf
2026-05-13 01:29:54,594 [INFO] Generating embeddings for 116 chunks from recovered-office-paper.pdf
2026-05-13 01:30:07,054 [INFO] Indexed 116 chunks from recovered-office-paper.pdf
2026-05-13 01:30:07,183 [INFO] Generating embeddings for 21 chunks from APR-Plastic-Sorting-BMPs.pdf
2026-05-13 01:30:09,748 [INFO] Indexed 21 chunks from APR-Plastic-Sorting-BMPs.pdf
2026-05-13 01:30:10,110 [INFO] Generating embeddings for 16 chunks from plastic-recycling-guide.pdf
2026-05-13 01:30:11,664 [INFO] Indexed 16 chunks from plastic-recycling-guide.pdf
2026-05-13 01:30:11,816 [INFO] Generating embeddings for 49 chunks from projdoc.pdf
2026-05-13 01:30:16,576 [INFO] Indexed 49 chunks from projdoc.pdf
2026-05-13 01:30:17,056 [INFO] Generating embeddings for 196 chunks from undp_combatting_plastic_pollution_for_sustainable_development.pdf
2026-05-13 01:30:34,548 [INFO] Indexed 196 chunks from undp_combatting_plastic_pollution_for_sustainable_development.pdf
2026-05-13 01:30:34,804 [INFO] Generating embeddings for 66 chunks from 22-Bangladesh-Waste-Database_2 from wasteconcern.pdf
2026-05-13 01:30:41,014 [INFO] Indexed 66 chunks from 22-Bangladesh-Waste-Database_2 from wasteconcern.pdf
2026-05-13 01:30:41,132 [INFO] Generating embeddings for 41 chunks from Dccca.pdf
2026-05-13 01:30:41,559 [INFO] Indexed 41 chunks from Dccca.pdf
2026-05-13 01:30:43,201 [INFO] Generating embeddings for 982 chunks from Mirsharai, Chattogram.pdf
2026-05-13 01:32:12,415 [INFO] Indexed 982 chunks from Mirsharai, Chattogram.pdf
2026-05-13 01:32:14,297 [INFO] Generating embeddings for 982 chunks from Mirsharai, Chattogram1.pdf
2026-05-13 01:33:59,417 [INFO] Indexed 982 chunks from Mirsharai, Chattogram1.pdf
2026-05-13 01:33:59,616 [INFO] Generating embeddings for 57 chunks from Waste Management.pdf
2026-05-13 01:34:06,477 [INFO] Indexed 57 chunks from Waste Management.pdf
2026-05-13 01:34:06,642 [INFO] Generating embeddings for 46 chunks from Waste-Data-Base_2014_Draft-Final dataset1 from wasteconcern.pdf
2026-05-13 01:34:12,602 [INFO] Indexed 46 chunks from Waste-Data-Base_2014_Draft-Final dataset1 from wasteconcern.pdf
2026-05-13 01:34:12,714 [INFO] Generating embeddings for 1 chunks from Wikipedia on Plastic_recycling.txt
2026-05-13 01:34:12,834 [INFO] Indexed 1 chunks from Wikipedia on Plastic_recycling.txt
2026-05-13 01:34:12,835 [INFO] Ingestion complete: {'indexed_files': 27, 'skipped_files': 0, 'failed_files': 1, 'total_chunks': 4821, 'collection': 'recycling', 'chroma_path': 'C:\\xampp1\\htdocs\\notun_alo\\chroma_db'}
2026-05-13 03:40:30,063 [INFO] Saved upload: C:\xampp1\htdocs\notun_alo\uploads\rag_test_note.txt
2026-05-13 03:40:35,519 [ERROR] Upload failed: (MaxRetryError('HTTPSConnectionPool(host=\'huggingface.co\', port=443): Max retries exceeded with url: /api/models/sentence-transformers/paraphrase-multilingual-MiniLM-L12-v2 (Caused by ProxyError(\'Unable to connect to proxy\', NewConnectionError("HTTPSConnection(host=\'127.0.0.1\', port=9): Failed to establish a new connection: [WinError 10061] No connection could be made because the target machine actively refused it")))'), '(Request ID: 0817e3b5-82ef-4f16-bc5d-0bbabff1fbf6)')
Traceback (most recent call last):
  File "C:\xampp1\htdocs\notun_alo\.venv\Lib\site-packages\urllib3\connection.py", line 204, in _new_conn
    sock = connection.create_connection(
        (self._dns_host, self.port),
    ...<2 lines>...
        socket_options=self.socket_options,
    )
  File "C:\xampp1\htdocs\notun_alo\.venv\Lib\site-packages\urllib3\util\connection.py", line 85, in create_connection
    raise err
  File "C:\xampp1\htdocs\notun_alo\.venv\Lib\site-packages\urllib3\util\connection.py", line 73, in create_connection
    sock.connect(sa)
    ~~~~~~~~~~~~^^^^
ConnectionRefusedError: [WinError 10061] No connection could be made because the target machine actively refused it

The above exception was the direct cause of the following exception:

Traceback (most recent call last):
  File "C:\xampp1\htdocs\notun_alo\.venv\Lib\site-packages\urllib3\connectionpool.py", line 774, in urlopen
    self._prepare_proxy(conn)
    ~~~~~~~~~~~~~~~~~~~^^^^^^
  File "C:\xampp1\htdocs\notun_alo\.venv\Lib\site-packages\urllib3\connectionpool.py", line 1055, in _prepare_proxy
    conn.connect()
    ~~~~~~~~~~~~^^
  File "C:\xampp1\htdocs\notun_alo\.venv\Lib\site-packages\urllib3\connection.py", line 759, in connect
    self.sock = sock = self._new_conn()
                       ~~~~~~~~~~~~~~^^
  File "C:\xampp1\htdocs\notun_alo\.venv\Lib\site-packages\urllib3\connection.py", line 219, in _new_conn
    raise NewConnectionError(
        self, f"Failed to establish a new connection: {e}"
    ) from e
urllib3.exceptions.NewConnectionError: HTTPSConnection(host='127.0.0.1', port=9): Failed to establish a new connection: [WinError 10061] No connection could be made because the target machine actively refused it

The above exception was the direct cause of the following exception:

urllib3.exceptions.ProxyError: ('Unable to connect to proxy', NewConnectionError("HTTPSConnection(host='127.0.0.1', port=9): Failed to establish a new connection: [WinError 10061] No connection could be made because the target machine actively refused it"))

The above exception was the direct cause of the following exception:

Traceback (most recent call last):
  File "C:\xampp1\htdocs\notun_alo\.venv\Lib\site-packages\requests\adapters.py", line 696, in send
    resp = conn.urlopen(
        method=request.method,
    ...<9 lines>...
        chunked=chunked,
    )
  File "C:\xampp1\htdocs\notun_alo\.venv\Lib\site-packages\urllib3\connectionpool.py", line 842, in urlopen
    retries = retries.increment(
        method, url, error=new_e, _pool=self, _stacktrace=sys.exc_info()[2]
    )
  File "C:\xampp1\htdocs\notun_alo\.venv\Lib\site-packages\urllib3\util\retry.py", line 543, in increment
    raise MaxRetryError(_pool, url, reason) from reason  # type: ignore[arg-type]
    ^^^^^^^^^^^^^^^^^^^^^^^^^^^^^^^^^^^^^^^^^^^^^^^^^^^
urllib3.exceptions.MaxRetryError: HTTPSConnectionPool(host='huggingface.co', port=443): Max retries exceeded with url: /api/models/sentence-transformers/paraphrase-multilingual-MiniLM-L12-v2 (Caused by ProxyError('Unable to connect to proxy', NewConnectionError("HTTPSConnection(host='127.0.0.1', port=9): Failed to establish a new connection: [WinError 10061] No connection could be made because the target machine actively refused it")))

During handling of the above exception, another exception occurred:

Traceback (most recent call last):
  File "C:\xampp1\htdocs\notun_alo\app.py", line 63, in upload
    summary = ingest_documents(only_file=destination)
  File "C:\xampp1\htdocs\notun_alo\ingest.py", line 199, in ingest_documents
    model = SentenceTransformer(EMBEDDING_MODEL_NAME, local_files_only=True)
  File "C:\xampp1\htdocs\notun_alo\.venv\Lib\site-packages\sentence_transformers\SentenceTransformer.py", line 287, in __init__
    modules = self._load_sbert_model(
        model_name_or_path,
    ...<7 lines>...
        config_kwargs=config_kwargs,
    )
  File "C:\xampp1\htdocs\notun_alo\.venv\Lib\site-packages\sentence_transformers\SentenceTransformer.py", line 1487, in _load_sbert_model
    module = Transformer(model_name_or_path, cache_dir=cache_folder, **kwargs)
  File "C:\xampp1\htdocs\notun_alo\.venv\Lib\site-packages\sentence_transformers\models\Transformer.py", line 58, in __init__
    self.tokenizer = AutoTokenizer.from_pretrained(
                     ~~~~~~~~~~~~~~~~~~~~~~~~~~~~~^
        tokenizer_name_or_path if tokenizer_name_or_path is not None else model_name_or_path,
        ^^^^^^^^^^^^^^^^^^^^^^^^^^^^^^^^^^^^^^^^^^^^^^^^^^^^^^^^^^^^^^^^^^^^^^^^^^^^^^^^^^^^^
        cache_dir=cache_dir,
        ^^^^^^^^^^^^^^^^^^^^
        **tokenizer_args,
        ^^^^^^^^^^^^^^^^^
    )
    ^
  File "C:\xampp1\htdocs\notun_alo\.venv\Lib\site-packages\transformers\models\auto\tokenization_auto.py", line 1156, in from_pretrained
    return tokenizer_class.from_pretrained(pretrained_model_name_or_path, *inputs, **kwargs)
           ~~~~~~~~~~~~~~~~~~~~~~~~~~~~~~~^^^^^^^^^^^^^^^^^^^^^^^^^^^^^^^^^^^^^^^^^^^^^^^^^^
  File "C:\xampp1\htdocs\notun_alo\.venv\Lib\site-packages\transformers\tokenization_utils_base.py", line 2113, in from_pretrained
    return cls._from_pretrained(
           ~~~~~~~~~~~~~~~~~~~~^
        resolved_vocab_files,
        ^^^^^^^^^^^^^^^^^^^^^
    ...<9 lines>...
        **kwargs,
        ^^^^^^^^^
    )
    ^
  File "C:\xampp1\htdocs\notun_alo\.venv\Lib\site-packages\transformers\tokenization_utils_base.py", line 2395, in _from_pretrained
    tokenizer = cls._patch_mistral_regex(
        tokenizer,
    ...<7 lines>...
        fix_mistral_regex=kwargs.get("fix_mistral_regex"),
    )
  File "C:\xampp1\htdocs\notun_alo\.venv\Lib\site-packages\transformers\tokenization_utils_base.py", line 2442, in _patch_mistral_regex
    _is_local or (not _is_local and is_base_mistral(pretrained_model_name_or_path))
                                    ~~~~~~~~~~~~~~~^^^^^^^^^^^^^^^^^^^^^^^^^^^^^^^
  File "C:\xampp1\htdocs\notun_alo\.venv\Lib\site-packages\transformers\tokenization_utils_base.py", line 2432, in is_base_mistral
    model = model_info(model_id)
  File "C:\xampp1\htdocs\notun_alo\.venv\Lib\site-packages\huggingface_hub\utils\_validators.py", line 114, in _inner_fn
    return fn(*args, **kwargs)
  File "C:\xampp1\htdocs\notun_alo\.venv\Lib\site-packages\huggingface_hub\hf_api.py", line 2660, in model_info
    r = get_session().get(path, headers=headers, timeout=timeout, params=params)
  File "C:\xampp1\htdocs\notun_alo\.venv\Lib\site-packages\requests\sessions.py", line 671, in get
    return self.request("GET", url, params=params, **kwargs)
           ~~~~~~~~~~~~^^^^^^^^^^^^^^^^^^^^^^^^^^^^^^^^^^^^^
  File "C:\xampp1\htdocs\notun_alo\.venv\Lib\site-packages\requests\sessions.py", line 651, in request
    resp = self.send(prep, **send_kwargs)
  File "C:\xampp1\htdocs\notun_alo\.venv\Lib\site-packages\requests\sessions.py", line 784, in send
    r = adapter.send(request, **kwargs)
  File "C:\xampp1\htdocs\notun_alo\.venv\Lib\site-packages\huggingface_hub\utils\_http.py", line 96, in send
    return super().send(request, *args, **kwargs)
           ~~~~~~~~~~~~^^^^^^^^^^^^^^^^^^^^^^^^^^
  File "C:\xampp1\htdocs\notun_alo\.venv\Lib\site-packages\requests\adapters.py", line 723, in send
    raise ProxyError(e, request=request)
requests.exceptions.ProxyError: (MaxRetryError('HTTPSConnectionPool(host=\'huggingface.co\', port=443): Max retries exceeded with url: /api/models/sentence-transformers/paraphrase-multilingual-MiniLM-L12-v2 (Caused by ProxyError(\'Unable to connect to proxy\', NewConnectionError("HTTPSConnection(host=\'127.0.0.1\', port=9): Failed to establish a new connection: [WinError 10061] No connection could be made because the target machine actively refused it")))'), '(Request ID: 0817e3b5-82ef-4f16-bc5d-0bbabff1fbf6)')
2026-05-13 03:40:35,766 [ERROR] Upload failed. Check logs/rag.log for details.
